     HORA               DBTIME          DBCPU              FGWT        
 Length:24          Min.   : 1179   Min.   :  439.9   Min.   :  790.5  
 Class :character   1st Qu.: 6393   1st Qu.: 1622.4   1st Qu.: 4170.7  
 Mode  :character   Median : 8747   Median : 2810.0   Median : 6469.4  
                    Mean   :13655   Mean   : 4095.7   Mean   : 8743.8  
                    3rd Qu.:19181   3rd Qu.: 4739.0   3rd Qu.:10741.0  
                    Max.   :49974   Max.   :13980.4   Max.   :27308.3  
 COMPUTEDWAITTIME  COMPUTEDDBTIME      STPCT           WTPCT      
 Min.   :  738.8   Min.   : 1230   Min.   : 7.54   Min.   :33.32  
 1st Qu.: 4057.5   1st Qu.: 6587   1st Qu.:18.78   1st Qu.:57.13  
 Median : 5803.1   Median : 9979   Median :31.98   Median :68.03  
 Mean   : 9559.4   Mean   :12840   Mean   :32.34   Mean   :67.66  
 3rd Qu.:11793.0   3rd Qu.:19340   3rd Qu.:42.87   3rd Qu.:81.22  
 Max.   :35993.3   Max.   :41289   Max.   :66.68   Max.   :92.46  
   HORA   DBTIME    DBCPU     FGWT COMPUTEDWAITTIME COMPUTEDDBTIME STPCT WTPCT
1    00 19534.15  3425.11 16337.42         16109.04       19762.53 17.33 82.67
2    01 22759.55  2880.56 20025.26         19878.99       22905.82 12.58 87.42
3    02 18831.18  1457.74 17865.63         17373.44       19323.37  7.54 92.46
4    03  6704.65  1027.79  5703.03          5676.86        6730.82 15.27 84.73
5    04  6890.50  2739.38  7548.50          4151.12       10287.88 26.63 73.37
6    05 11221.74  4525.26  6840.83          6696.48       11366.09 39.81 60.19
7    06 49973.65 13980.38 27308.29         35993.27       41288.67 33.86 66.14
8    07 16911.39  9346.50  7542.89          7564.89       16889.39 55.34 44.66
9    08 24549.83 11647.78 11723.54         12902.05       23371.32 49.84 50.16
10   09  7705.88  5178.35  2587.81          2527.53        7766.16 66.68 33.32
11   10 20492.29  9069.00 10320.16         11423.29       19389.16 46.77 53.23
12   11  6046.35  1887.61  4266.95          4158.74        6154.56 30.67 69.33
13   12 35958.01  2585.67 18828.32         33372.34       21413.99 12.07 87.93
14   13  1178.69   439.94   790.49           738.75        1230.43 35.75 64.25
15   14  1826.64   783.26  1087.29          1043.38        1870.55 41.87 58.13
16   15  7924.44  3106.84  5036.25          4817.60        8143.09 38.15 61.85
17   16  6508.65  1883.51  4917.79          4625.14        6801.30 27.69 72.31
18   17  3466.77   690.02  2893.00          2776.75        3583.02 19.26 80.74
19   18  4887.76  1679.13  3366.15          3208.63        5045.28 33.28 66.72
20   19  5453.91  1677.26  3882.10          3776.65        5559.36 30.17 69.83
21   20  6785.59   856.29  6097.89          5929.30        6954.18 12.31 87.69
22   21  9569.50  4592.50  5077.27          4977.00        9669.77 47.49 52.51
23   22 19063.15  8825.43 10413.46         10237.72       19238.89 45.87 54.13
24   23 13479.01  4011.60  9391.63          9467.41       13403.23 29.93 70.07
[1] TRUE
