SQL> SELECT output
  2  FROM TABLE( DBMS_FEATURE_USAGE_REPORT.display_text);
DB FEATURE USAGE report for                                                     
                                                                                
DB Name         DB Id     Release    Total Samples Last Sample Time             
------------ ----------- ----------- ------------- ------------------           
REPAWR        1844534870 11.2.0.3.0             26 13-Jan-15 13:49:48           
                                                                                
          -------------------------------------------------------------         
DB Feature Usage Summary                        DB/Release: REPAWR/11.2.0.3.0  
-> This section displays the summary of Usage for Database Features.            
-> The Currently Used column is TRUE if usage was detected for                  
-> the feature at the last sample time.                                         
                                                                                
                                          Curr-                                 
                                          ently Detected    Total Last Usage    
Feature Name                              Used    Usages  Samples    Time       
----------------------------------------- ----- -------- -------- --------------
AWR Report                                TRUE        12       26 01/13/15 13:49
Audit Options                             TRUE        27       26 01/13/15 13:49
Automatic Maintenance - Optimizer Statist TRUE        27       26 01/13/15 13:49
Automatic Maintenance - SQL Tuning Adviso TRUE        27       26 01/13/15 13:49
Automatic Maintenance - Space Advisor     TRUE        27       26 01/13/15 13:49
Automatic SGA Tuning                      TRUE        20       26 01/13/15 13:49
Automatic SQL Execution Memory            TRUE        20       26 01/13/15 13:49
Automatic Segment Space Management (syste TRUE        27       26 01/13/15 13:49
Automatic Segment Space Management (user) TRUE        13       26 01/13/15 13:49
Automatic Undo Management                 TRUE        27       26 01/13/15 13:49
Automatic Workload Repository             TRUE         2       26 01/13/15 13:49
Character Set                             TRUE        27       26 01/13/15 13:49
Deferred Segment Creation                 TRUE        27       26 01/13/15 13:49
LOB                                       TRUE        12       26 01/13/15 13:49
Locally Managed Tablespaces (system)      TRUE        27       26 01/13/15 13:49
Locally Managed Tablespaces (user)        TRUE        27       26 01/13/15 13:49
Logfile Multiplexing                      TRUE        27       26 01/13/15 13:49
Oracle Java Virtual Machine (system)      TRUE        27       26 01/13/15 13:49
Oracle Managed Files                      TRUE        27       26 01/13/15 13:49
Oracle Utility Datapump (Export)          TRUE         5       26 01/13/15 13:49
Oracle Utility Metadata API               TRUE         6       26 01/13/15 13:49
Partitioning (system)                     TRUE        27       26 01/13/15 13:49
Partitioning (user)                       TRUE        26       26 01/13/15 13:49
Recovery Area                             TRUE        27       26 01/13/15 13:49
SecureFiles (system)                      TRUE        27       26 01/13/15 13:49
SecureFiles (user)                        TRUE        27       26 01/13/15 13:49
Segment Shrink                            TRUE        22       26 01/13/15 13:49
Server Parameter File                     TRUE        27       26 01/13/15 13:49
Virtual Private Database (VPD)            TRUE        27       26 01/13/15 13:49
ADDM                                      FALSE        0       26               
ASO native encryption and checksumming    FALSE        0       26               
AWR Baseline                              FALSE        0       26               
AWR Baseline Template                     FALSE        0       26               
Active Data Guard - Real-Time Query on Ph FALSE        0       26               
Advanced Replication                      FALSE        0       26               
Application Express                       FALSE        0       26               
Automatic Memory Tuning                   FALSE        7       26 06/10/13 10:54
Automatic SQL Tuning Advisor              FALSE        0       26               
Automatic Storage Management              FALSE        0       26               
Backup BASIC Compression                  FALSE        0       26               
Backup BZIP2 Compression                  FALSE        0       26               
Backup Encryption                         FALSE        0       26               
Backup HIGH Compression                   FALSE        0       26               
Backup LOW Compression                    FALSE        0       26               
Backup MEDIUM Compression                 FALSE        0       26               
Backup Rollforward                        FALSE        0       26               
Backup ZLIB Compression                   FALSE        0       26               
Baseline Adaptive Thresholds              FALSE        0       26               
Baseline Static Computations              FALSE        0       26               
Bigfile Tablespace                        FALSE        0       26               
Block Media Recovery                      FALSE        0       26               
CSSCAN                                    FALSE        0       26               
Change Data Capture                       FALSE        0       26               
Change-Aware Incremental Backup           FALSE        0       26               
Character Semantics                       FALSE        0       26               
Client Identifier                         FALSE        0       26               
Clusterwide Global Transactions           FALSE        0       26               
Compression Advisor                       FALSE        0       26               
Crossedition Triggers                     FALSE        0       26               
DBMS_STATS Incremental Maintenance        FALSE        0       26               
DB Feature Usage Summary                        DB/Release: REPAWR/11.2.0.3.0  
-> This section displays the summary of Usage for Database Features.            
-> The Currently Used column is TRUE if usage was detected for                  
-> the feature at the last sample time.                                         
                                                                                
                                          Curr-                                 
                                          ently Detected    Total Last Usage    
Feature Name                              Used    Usages  Samples    Time       
----------------------------------------- ----- -------- -------- --------------
Data Guard                                FALSE        0       26               
Data Mining                               FALSE        0       26               
Data Recovery Advisor                     FALSE        0       26               
Database Migration Assistant for Unicode  FALSE        0       26               
Database Replay: Workload Capture         FALSE        0       26               
Database Replay: Workload Replay          FALSE        0       26               
Deferred Open Read Only                   FALSE        0       26               
Direct NFS                                FALSE        0       26               
Dynamic SGA                               FALSE        0       26               
EM Database Control                       FALSE        0       26               
EM Grid Control                           FALSE        0       26               
EM Performance Page                       FALSE        0       26               
Editioning Views                          FALSE        0       26               
Editions                                  FALSE        0       26               
Encrypted Tablespaces                     FALSE        0       26               
Exadata                                   FALSE        0       26               
Extensibility                             FALSE        0       26               
File Mapping                              FALSE        0       26               
Flashback Data Archive                    FALSE        6       26 06/10/13 10:54
Flashback Database                        FALSE        0       26               
GoldenGate                                FALSE        0       26               
HeapCompression                           FALSE        0       26               
Hybrid Columnar Compression               FALSE        0       26               
Instance Caging                           FALSE        0       26               
Internode Parallel Execution              FALSE        0       26               
Job Scheduler                             FALSE        0       26               
Label Security                            FALSE        0       26               
Locator                                   FALSE        0       26               
Long-term Archival Backup                 FALSE        0       26               
MTTR Advisor                              FALSE        0       26               
Materialized Views (User)                 FALSE        0       26               
Messaging Gateway                         FALSE        0       26               
Multi Section Backup                      FALSE        0       26               
Multiple Block Sizes                      FALSE        0       26               
OLAP - Analytic Workspaces                FALSE        0       26               
OLAP - Cubes                              FALSE        0       26               
Object                                    FALSE        0       26               
Oracle Database Vault                     FALSE        0       26               
Oracle Java Virtual Machine (user)        FALSE        0       26               
Oracle Multimedia                         FALSE        0       26               
Oracle Multimedia DICOM                   FALSE        0       26               
Oracle Secure Backup                      FALSE        0       26               
Oracle Text                               FALSE        0       26               
Oracle Utility Datapump (Import)          FALSE       12       26 06/30/14 11:00
Oracle Utility External Table             FALSE        0       26               
Oracle Utility SQL Loader (Direct Path Lo FALSE        0       26               
PL/SQL Native Compilation                 FALSE        0       26               
Parallel SQL DDL Execution                FALSE        0       26               
Parallel SQL DML Execution                FALSE        0       26               
Parallel SQL Query Execution              FALSE        0       26               
Quality of Service Management             FALSE        0       26               
RMAN - Disk Backup                        FALSE        6       26 11/11/14 10:24
RMAN - Tape Backup                        FALSE        0       26               
Read Only Tablespace                      FALSE        0       26               
Real Application Clusters (RAC)           FALSE        0       26               
Real-Time SQL Monitoring                  FALSE        2       26 06/25/13 09:57
Recovery Manager (RMAN)                   FALSE        6       26 11/11/14 10:24
Resource Manager                          FALSE        0       26               
Restore Point                             FALSE        0       26               
Result Cache                              FALSE        0       26               
DB Feature Usage Summary                        DB/Release: REPAWR/11.2.0.3.0  
-> This section displays the summary of Usage for Database Features.            
-> The Currently Used column is TRUE if usage was detected for                  
-> the feature at the last sample time.                                         
                                                                                
                                          Curr-                                 
                                          ently Detected    Total Last Usage    
Feature Name                              Used    Usages  Samples    Time       
----------------------------------------- ----- -------- -------- --------------
Rules Manager                             FALSE        0       26               
SQL Access Advisor                        FALSE        0       26               
SQL Monitoring and Tuning pages           FALSE        0       26               
SQL Performance Analyzer                  FALSE        0       26               
SQL Plan Management                       FALSE        0       26               
SQL Profile                               FALSE        0       26               
SQL Repair Advisor                        FALSE        0       26               
SQL Tuning Advisor                        FALSE        0       26               
SQL Tuning Set (system)                   FALSE        0       26               
SQL Tuning Set (user)                     FALSE        0       26               
SQL Workload Manager                      FALSE        0       26               
SecureFile Compression (system)           FALSE        0       26               
SecureFile Compression (user)             FALSE        0       26               
SecureFile Deduplication (system)         FALSE        0       26               
SecureFile Deduplication (user)           FALSE        0       26               
SecureFile Encryption (system)            FALSE        0       26               
SecureFile Encryption (user)              FALSE        0       26               
Segment Advisor (user)                    FALSE        0       26               
Semantics/RDF                             FALSE        0       26               
Server Flash Cache                        FALSE        0       26               
Services                                  FALSE        0       26               
Shared Server                             FALSE        0       26               
Spatial                                   FALSE        0       26               
Streams (system)                          FALSE        0       26               
Streams (user)                            FALSE        0       26               
Transparent Data Encryption               FALSE        0       26               
Transparent Gateway                       FALSE        0       26               
Transportable Tablespace                  FALSE        0       26               
Tune MView                                FALSE        0       26               
Undo Advisor                              FALSE        0       26               
Very Large Memory                         FALSE        0       26               
Workspace Manager                         FALSE        0       26               
XDB                                       FALSE        0       26               
XStream In                                FALSE        0       26               
XStream Out                               FALSE        0       26               
XStream Streams                           FALSE        0       26               
          -------------------------------------------------------------         
                                                                                
DB Feature Usage Details                         DB/Release: REPAWR/11.2.0.3.0  
-> This section displays the detailed usage data for the features               
-> that have at least one detected usage                                        
                                                                                
Feature Name                                                                    
------------------------------------------------------------                    
Detected Usages  Total Samples  First Usage Date   Last Usage Date  Aux Count   
--------------- -------------- ----------------- ----------------- ----------   
Feature Info                                                                    
--------------------------------------------------------------------------------
AWR Report                                                                      
             12             26    02/07/13 17:20    01/13/15 13:49          4   
AWR Report:4                                                                    
Audit Options                                                                   
             27             26    02/07/13 17:20    01/13/15 13:49        N/A   
                                                                                
Automatic Maintenance - Optimizer Statistics Gathering                          
             27             26    02/07/13 17:20    01/13/15 13:49          0   
                                                                                
Automatic Maintenance - SQL Tuning Advisor                                      
             27             26    02/07/13 17:20    01/13/15 13:49          0   
                                                                                
Automatic Maintenance - Space Advisor                                           
             27             26    02/07/13 17:20    01/13/15 13:49          0   
                                                                                
Automatic Memory Tuning                                                         
              7             26    02/07/13 17:20    06/10/13 10:54          0   
:memory_target:838860800:sga_max_size:838860800:memory_max_target:838860800: ...
Automatic SGA Tuning                                                            
             20             26    06/25/13 09:57    01/13/15 13:49          0   
:sga_target:1610612736:sga_max_size:1610612736:comp:shared pool:cur:40265318 ...
Automatic SQL Execution Memory                                                  
             20             26    06/25/13 09:57    01/13/15 13:49          0   
                                                                                
Automatic Segment Space Management (system)                                     
             27             26    02/07/13 17:20    01/13/15 13:49          3   
(Segment Space Management: AUTO, TS Count: 3, Size MB: 14428) (Segment Space ...
Automatic Segment Space Management (user)                                       
             13             26    03/04/13 10:31    01/13/15 13:49        N/A   
                                                                                
Automatic Undo Management                                                       
             27             26    02/07/13 17:20    01/13/15 13:49          1   
(Retention: NOGUARANTEE, TS Count: 1, Size MB: 2048) (Undo Blocks: 1581, Max ...
Automatic Workload Repository                                                   
              2             26    01/13/15 13:07    01/13/15 13:49        N/A   
DBtime:,DBcpu:                                                                  
Character Set                                                                   
             27             26    02/07/13 17:20    01/13/15 13:49        N/A   
WE8MSWIN1252                                                                    
Deferred Segment Creation                                                       
             27             26    02/07/13 17:20    01/13/15 13:49      2,767   
Deferred Segment Creation  Parameter:1 Total Deferred Segments:2767 Total Cr ...
Flashback Data Archive                                                          
              6             26    03/04/13 10:31    06/10/13 10:54        N/A   
                                                                                
LOB                                                                             
             12             26    03/04/13 10:31    01/13/15 13:49        N/A   
                                                                                
Locally Managed Tablespaces (system)                                            
             27             26    02/07/13 17:20    01/13/15 13:49          5   
(Extent Management: LOCAL, TS Count: 5, Size MB: 17246)                         
Locally Managed Tablespaces (user)                                              
             27             26    02/07/13 17:20    01/13/15 13:49        N/A   
                                                                                
Logfile Multiplexing                                                            
             27             26    02/07/13 17:20    01/13/15 13:49        N/A   
                                                                                
Oracle Java Virtual Machine (system)                                            
             27             26    02/07/13 17:20    01/13/15 13:49     24,002   
System users: EXFSYS with 47 classes, 1 resources, 0 sources. MDSYS with 535 ...
DB Feature Usage Details                         DB/Release: REPAWR/11.2.0.3.0  
-> This section displays the detailed usage data for the features               
-> that have at least one detected usage                                        
                                                                                
Feature Name                                                                    
------------------------------------------------------------                    
Detected Usages  Total Samples  First Usage Date   Last Usage Date  Aux Count   
--------------- -------------- ----------------- ----------------- ----------   
Feature Info                                                                    
--------------------------------------------------------------------------------
Oracle Managed Files                                                            
             27             26    02/07/13 17:20    01/13/15 13:49        N/A   
                                                                                
Oracle Utility Datapump (Export)                                                
              5             26    04/29/13 14:57    01/13/15 13:49         13   
Oracle Utility Datapump (Export) invoked: 13 times, compression used: 10 tim ...
Oracle Utility Datapump (Import)                                                
             12             26    02/07/13 17:20    06/30/14 11:00         22   
Oracle Utility Datapump (Import) invoked: 22 times, compression used: 0 time ...
Oracle Utility Metadata API                                                     
              6             26    04/29/13 14:57    01/13/15 13:49      1,646   
Oracle Utility Metadata API invoked: 1646 times, compression used: 0 times,  ...
Partitioning (system)                                                           
             27             26    02/07/13 17:20    01/13/15 13:49          3   
1:T:RANGE::19::2::::|1:I:::::1::GNP:NORMAL:NU|1:I:RANGE::19::2::LP:NORMAL:U| ...
Partitioning (user)                                                             
             26             26    03/04/13 10:31    01/13/15 13:49          3   
1:T:RANGE::1::1::::|1:I:::::1::GNP:NORMAL:NU|                                   
RMAN - Disk Backup                                                              
              6             26    05/27/13 12:14    11/11/14 10:24          1   
                                                                                
Real-Time SQL Monitoring                                                        
              2             26    05/27/13 12:14    06/25/13 09:57          4   
<sqlmon_usage>                                                                  
  <num_em_reports>0</num_em_reports>                                            
  <first_db_report_time> ...                                                    
                                                                                
Recovery Area                                                                   
             27             26    02/07/13 17:20    01/13/15 13:49 4.3222E+09   
                                                                                
Recovery Manager (RMAN)                                                         
              6             26    05/27/13 12:14    11/11/14 10:24          1   
                                                                                
SecureFiles (system)                                                            
             27             26    02/07/13 17:20    01/13/15 13:49         25   
                                                                                
SecureFiles (user)                                                              
             27             26    02/07/13 17:20    01/13/15 13:49         34   
                                                                                
Segment Shrink                                                                  
             22             26    04/29/13 14:57    01/13/15 13:49          0   
                                                                                
Server Parameter File                                                           
             27             26    02/07/13 17:20    01/13/15 13:49        N/A   
                                                                                
Virtual Private Database (VPD)                                                  
             27             26    02/07/13 17:20    01/13/15 13:49        N/A   
                                                                                
          -------------------------------------------------------------         
                                                                                
High Water Mark Statistics                      DB/Release: REPAWR/11.2.0.3.0  
-> This section displays the Database High Water Mark Statistics                
                                                                                
Name                                                            High Water Mark 
----------------------------------------------------------- ------------------- 
Maximum Number of Active Sessions seen in the system                          2 
Maximum Number of CPUs                                                        2 
Maximum Number of Concurrent Sessions seen in the database                   12 
Maximum Number of Datafiles                                                   7 
Maximum Number of Materialized Views (User)                                   1 
Maximum Number of Partitions belonging to an User Index                       0 
Maximum Number of Partitions belonging to an User Table                       1 
Maximum Number of SQL NCHAR Columns                                          31 
Maximum Number of Tablespaces                                                 6 
Maximum Query Length                                                      1,990 
Maximum Size of the Database (Bytes)                             18,083,741,696 
Number of User Indexes                                                    3,783 
Number of User Tables                                                     2,268 
Number of physical disks                                                    N/A 
Oracle Database instances                                                     1 
Size of Largest Segment (Bytes)                                   1,280,311,296 
number of job runs per day                                                  220 
          -------------------------------------------------------------         
                                                                                
CPU Usage Statistics                            DB/Release: REPAWR/11.2.0.3.0  
-> This section displays the Database CPU Usage Statistics                      
                                                                                
                               CPU Core CPU Socket                              
Timestamp          CPU Count      Count      Count                              
----------------- ---------- ---------- ----------                              
02/07/13 11:11             1          1          1                              
06/05/13 12:08             2          2          1                              
          -------------------------------------------------------------         
                                                                                
End of Report                                                                   

354 rows selected.

SQL> spool off
